\BOOKMARK [0][-]{chapter*.1}{\376\377\000S\000u\000m\000m\000a\000r\000y}{}% 1
\BOOKMARK [0][-]{chapter*.2}{\376\377\000P\000r\000e\000f\000a\000c\000e\000\040\000b\000y\000\040\000t\000h\000e\000\040\000A\000u\000t\000h\000o\000r}{}% 2
\BOOKMARK [0][-]{chapter.1}{\376\377\000I\000n\000t\000r\000o\000d\000u\000c\000t\000i\000o\000n}{}% 3
\BOOKMARK [1][-]{section.1.1}{\376\377\000S\000t\000o\000r\000y\000\040\000T\000i\000m\000e}{chapter.1}% 4
\BOOKMARK [1][-]{section.1.2}{\376\377\000W\000h\000a\000t\000\040\000I\000s\000\040\000M\000a\000c\000h\000i\000n\000e\000\040\000L\000e\000a\000r\000n\000i\000n\000g\000?}{chapter.1}% 5
\BOOKMARK [1][-]{section.1.3}{\376\377\000T\000e\000r\000m\000i\000n\000o\000l\000o\000g\000y}{chapter.1}% 6
\BOOKMARK [0][-]{chapter.2}{\376\377\000I\000n\000t\000e\000r\000p\000r\000e\000t\000a\000b\000i\000l\000i\000t\000y}{}% 7
\BOOKMARK [1][-]{section.2.1}{\376\377\000I\000m\000p\000o\000r\000t\000a\000n\000c\000e\000\040\000o\000f\000\040\000I\000n\000t\000e\000r\000p\000r\000e\000t\000a\000b\000i\000l\000i\000t\000y}{chapter.2}% 8
\BOOKMARK [1][-]{section.2.2}{\376\377\000T\000a\000x\000o\000n\000o\000m\000y\000\040\000o\000f\000\040\000I\000n\000t\000e\000r\000p\000r\000e\000t\000a\000b\000i\000l\000i\000t\000y\000\040\000M\000e\000t\000h\000o\000d\000s}{chapter.2}% 9
\BOOKMARK [1][-]{section.2.3}{\376\377\000S\000c\000o\000p\000e\000\040\000o\000f\000\040\000I\000n\000t\000e\000r\000p\000r\000e\000t\000a\000b\000i\000l\000i\000t\000y}{chapter.2}% 10
\BOOKMARK [1][-]{section.2.4}{\376\377\000E\000v\000a\000l\000u\000a\000t\000i\000o\000n\000\040\000o\000f\000\040\000I\000n\000t\000e\000r\000p\000r\000e\000t\000a\000b\000i\000l\000i\000t\000y}{chapter.2}% 11
\BOOKMARK [1][-]{section.2.5}{\376\377\000P\000r\000o\000p\000e\000r\000t\000i\000e\000s\000\040\000o\000f\000\040\000E\000x\000p\000l\000a\000n\000a\000t\000i\000o\000n\000s}{chapter.2}% 12
\BOOKMARK [1][-]{section.2.6}{\376\377\000H\000u\000m\000a\000n\000-\000f\000r\000i\000e\000n\000d\000l\000y\000\040\000E\000x\000p\000l\000a\000n\000a\000t\000i\000o\000n\000s}{chapter.2}% 13
\BOOKMARK [0][-]{chapter.3}{\376\377\000D\000a\000t\000a\000s\000e\000t\000s}{}% 14
\BOOKMARK [1][-]{section.3.1}{\376\377\000B\000i\000k\000e\000\040\000R\000e\000n\000t\000a\000l\000s\000\040\000\050\000R\000e\000g\000r\000e\000s\000s\000i\000o\000n\000\051}{chapter.3}% 15
\BOOKMARK [1][-]{section.3.2}{\376\377\000Y\000o\000u\000T\000u\000b\000e\000\040\000S\000p\000a\000m\000\040\000C\000o\000m\000m\000e\000n\000t\000s\000\040\000\050\000T\000e\000x\000t\000\040\000C\000l\000a\000s\000s\000i\000f\000i\000c\000a\000t\000i\000o\000n\000\051}{chapter.3}% 16
\BOOKMARK [1][-]{section.3.3}{\376\377\000R\000i\000s\000k\000\040\000F\000a\000c\000t\000o\000r\000s\000\040\000f\000o\000r\000\040\000C\000e\000r\000v\000i\000c\000a\000l\000\040\000C\000a\000n\000c\000e\000r\000\040\000\050\000C\000l\000a\000s\000s\000i\000f\000i\000c\000a\000t\000i\000o\000n\000\051}{chapter.3}% 17
\BOOKMARK [0][-]{chapter.4}{\376\377\000I\000n\000t\000e\000r\000p\000r\000e\000t\000a\000b\000l\000e\000\040\000M\000o\000d\000e\000l\000s}{}% 18
\BOOKMARK [1][-]{section.4.1}{\376\377\000L\000i\000n\000e\000a\000r\000\040\000R\000e\000g\000r\000e\000s\000s\000i\000o\000n}{chapter.4}% 19
\BOOKMARK [1][-]{section.4.2}{\376\377\000L\000o\000g\000i\000s\000t\000i\000c\000\040\000R\000e\000g\000r\000e\000s\000s\000i\000o\000n}{chapter.4}% 20
\BOOKMARK [1][-]{section.4.3}{\376\377\000G\000L\000M\000,\000\040\000G\000A\000M\000\040\000a\000n\000d\000\040\000m\000o\000r\000e}{chapter.4}% 21
\BOOKMARK [1][-]{section.4.4}{\376\377\000D\000e\000c\000i\000s\000i\000o\000n\000\040\000T\000r\000e\000e}{chapter.4}% 22
\BOOKMARK [1][-]{section.4.5}{\376\377\000D\000e\000c\000i\000s\000i\000o\000n\000\040\000R\000u\000l\000e\000s}{chapter.4}% 23
\BOOKMARK [1][-]{section.4.6}{\376\377\000R\000u\000l\000e\000F\000i\000t}{chapter.4}% 24
\BOOKMARK [1][-]{section.4.7}{\376\377\000O\000t\000h\000e\000r\000\040\000I\000n\000t\000e\000r\000p\000r\000e\000t\000a\000b\000l\000e\000\040\000M\000o\000d\000e\000l\000s}{chapter.4}% 25
\BOOKMARK [0][-]{chapter.5}{\376\377\000M\000o\000d\000e\000l\000-\000A\000g\000n\000o\000s\000t\000i\000c\000\040\000M\000e\000t\000h\000o\000d\000s}{}% 26
\BOOKMARK [0][-]{chapter.6}{\376\377\000E\000x\000a\000m\000p\000l\000e\000-\000B\000a\000s\000e\000d\000\040\000E\000x\000p\000l\000a\000n\000a\000t\000i\000o\000n\000s}{}% 27
\BOOKMARK [0][-]{chapter.7}{\376\377\000G\000l\000o\000b\000a\000l\000\040\000M\000o\000d\000e\000l\000-\000A\000g\000n\000o\000s\000t\000i\000c\000\040\000M\000e\000t\000h\000o\000d\000s}{}% 28
\BOOKMARK [1][-]{section.7.1}{\376\377\000P\000a\000r\000t\000i\000a\000l\000\040\000D\000e\000p\000e\000n\000d\000e\000n\000c\000e\000\040\000P\000l\000o\000t\000\040\000\050\000P\000D\000P\000\051}{chapter.7}% 29
\BOOKMARK [1][-]{section.7.2}{\376\377\000A\000c\000c\000u\000m\000u\000l\000a\000t\000e\000d\000\040\000L\000o\000c\000a\000l\000\040\000E\000f\000f\000e\000c\000t\000s\000\040\000\050\000A\000L\000E\000\051\000\040\000P\000l\000o\000t}{chapter.7}% 30
\BOOKMARK [1][-]{section.7.3}{\376\377\000F\000e\000a\000t\000u\000r\000e\000\040\000I\000n\000t\000e\000r\000a\000c\000t\000i\000o\000n}{chapter.7}% 31
\BOOKMARK [1][-]{section.7.4}{\376\377\000F\000u\000n\000c\000t\000i\000o\000n\000a\000l\000\040\000D\000e\000c\000o\000m\000p\000o\000s\000i\000t\000o\000n}{chapter.7}% 32
\BOOKMARK [1][-]{section.7.5}{\376\377\000P\000e\000r\000m\000u\000t\000a\000t\000i\000o\000n\000\040\000F\000e\000a\000t\000u\000r\000e\000\040\000I\000m\000p\000o\000r\000t\000a\000n\000c\000e}{chapter.7}% 33
\BOOKMARK [1][-]{section.7.6}{\376\377\000G\000l\000o\000b\000a\000l\000\040\000S\000u\000r\000r\000o\000g\000a\000t\000e}{chapter.7}% 34
\BOOKMARK [1][-]{section.7.7}{\376\377\000P\000r\000o\000t\000o\000t\000y\000p\000e\000s\000\040\000a\000n\000d\000\040\000C\000r\000i\000t\000i\000c\000i\000s\000m\000s}{chapter.7}% 35
\BOOKMARK [0][-]{chapter.8}{\376\377\000L\000o\000c\000a\000l\000\040\000M\000o\000d\000e\000l\000-\000A\000g\000n\000o\000s\000t\000i\000c\000\040\000M\000e\000t\000h\000o\000d\000s}{}% 36
\BOOKMARK [1][-]{section.8.1}{\376\377\000I\000n\000d\000i\000v\000i\000d\000u\000a\000l\000\040\000C\000o\000n\000d\000i\000t\000i\000o\000n\000a\000l\000\040\000E\000x\000p\000e\000c\000t\000a\000t\000i\000o\000n\000\040\000\050\000I\000C\000E\000\051}{chapter.8}% 37
\BOOKMARK [1][-]{section.8.2}{\376\377\000L\000o\000c\000a\000l\000\040\000S\000u\000r\000r\000o\000g\000a\000t\000e\000\040\000\050\000L\000I\000M\000E\000\051}{chapter.8}% 38
\BOOKMARK [1][-]{section.8.3}{\376\377\000C\000o\000u\000n\000t\000e\000r\000f\000a\000c\000t\000u\000a\000l\000\040\000E\000x\000p\000l\000a\000n\000a\000t\000i\000o\000n\000s}{chapter.8}% 39
\BOOKMARK [1][-]{section.8.4}{\376\377\000S\000c\000o\000p\000e\000d\000\040\000R\000u\000l\000e\000s\000\040\000\050\000A\000n\000c\000h\000o\000r\000s\000\051}{chapter.8}% 40
\BOOKMARK [1][-]{section.8.5}{\376\377\000S\000h\000a\000p\000l\000e\000y\000\040\000V\000a\000l\000u\000e\000s}{chapter.8}% 41
\BOOKMARK [1][-]{section.8.6}{\376\377\000S\000H\000A\000P\000\040\000\050\000S\000H\000a\000p\000l\000e\000y\000\040\000A\000d\000d\000i\000t\000i\000v\000e\000\040\000e\000x\000P\000l\000a\000n\000a\000t\000i\000o\000n\000s\000\051}{chapter.8}% 42
\BOOKMARK [0][-]{chapter.9}{\376\377\000N\000e\000u\000r\000a\000l\000\040\000N\000e\000t\000w\000o\000r\000k\000\040\000I\000n\000t\000e\000r\000p\000r\000e\000t\000a\000t\000i\000o\000n}{}% 43
\BOOKMARK [1][-]{section.9.1}{\376\377\000L\000e\000a\000r\000n\000e\000d\000\040\000F\000e\000a\000t\000u\000r\000e\000s}{chapter.9}% 44
\BOOKMARK [1][-]{section.9.2}{\376\377\000P\000i\000x\000e\000l\000\040\000A\000t\000t\000r\000i\000b\000u\000t\000i\000o\000n\000\040\000\050\000S\000a\000l\000i\000e\000n\000c\000y\000\040\000M\000a\000p\000s\000\051}{chapter.9}% 45
\BOOKMARK [1][-]{section.9.3}{\376\377\000D\000e\000t\000e\000c\000t\000i\000n\000g\000\040\000C\000o\000n\000c\000e\000p\000t\000s}{chapter.9}% 46
\BOOKMARK [1][-]{section.9.4}{\376\377\000A\000d\000v\000e\000r\000s\000a\000r\000i\000a\000l\000\040\000E\000x\000a\000m\000p\000l\000e\000s}{chapter.9}% 47
\BOOKMARK [1][-]{section.9.5}{\376\377\000I\000n\000f\000l\000u\000e\000n\000t\000i\000a\000l\000\040\000I\000n\000s\000t\000a\000n\000c\000e\000s}{chapter.9}% 48
\BOOKMARK [0][-]{chapter.10}{\376\377\000A\000\040\000L\000o\000o\000k\000\040\000i\000n\000t\000o\000\040\000t\000h\000e\000\040\000C\000r\000y\000s\000t\000a\000l\000\040\000B\000a\000l\000l}{}% 49
\BOOKMARK [1][-]{section.10.1}{\376\377\000T\000h\000e\000\040\000F\000u\000t\000u\000r\000e\000\040\000o\000f\000\040\000M\000a\000c\000h\000i\000n\000e\000\040\000L\000e\000a\000r\000n\000i\000n\000g}{chapter.10}% 50
\BOOKMARK [1][-]{section.10.2}{\376\377\000T\000h\000e\000\040\000F\000u\000t\000u\000r\000e\000\040\000o\000f\000\040\000I\000n\000t\000e\000r\000p\000r\000e\000t\000a\000b\000i\000l\000i\000t\000y}{chapter.10}% 51
\BOOKMARK [0][-]{chapter.11}{\376\377\000C\000o\000n\000t\000r\000i\000b\000u\000t\000e\000\040\000t\000o\000\040\000t\000h\000e\000\040\000B\000o\000o\000k}{}% 52
\BOOKMARK [0][-]{chapter.12}{\376\377\000C\000i\000t\000i\000n\000g\000\040\000t\000h\000i\000s\000\040\000B\000o\000o\000k}{}% 53
\BOOKMARK [0][-]{chapter.13}{\376\377\000T\000r\000a\000n\000s\000l\000a\000t\000i\000o\000n\000s}{}% 54
\BOOKMARK [0][-]{chapter.14}{\376\377\000A\000c\000k\000n\000o\000w\000l\000e\000d\000g\000e\000m\000e\000n\000t\000s}{}% 55
\BOOKMARK [0][-]{chapter*.6}{\376\377\000R\000e\000f\000e\000r\000e\000n\000c\000e\000s}{}% 56
